[   .0000] Iniiazig cgupubsycpet
[    00000] itliing ro subyspu
[    0.000000] Initializing cgroup subsys cpuacct
[    0.000000] Linux version 4.4.0-116-generic (buildd@lgw01-amd64-021) (gcc version 5.4.0 20160609 (Ubuntu 5.4.0-6ubuntu1~16.04.9) ) #140-Ubuntu SMP Mon Feb 12 21:23:04 UTC 2018 (Ubuntu 4.4.0-116.140-generic 4.4.98)
[    0.000000] Command line: BOOT_IMAGE=/boot/vmlinuz-4.4.0-116-generic root=LABEL=cloudimg-roofso onse=ty conletyS0[   0.000]KERNL pprted cus
[   .000000  ntl Geinntel[   0.000]  AM AheticA
   0.000]  Cenau CtaurHaul
   000000 x/fpuxste_offst[:  576 xstae_ze[2]:  256
[    0.000000] x86/puSupprtng XSAV feature 0x1:'x7 flotig pointreisters'
[    0.000000] x86/fpu: Supporting XSAVE feature 0x02 'SS rgiter
[    0.000000] x86/fpu:Suporting XSAVE fetu 004:AVreiste'[  0.0000 x86pu Enabled xstate features 0x7, context siz i 832 yts, using 'standard' format.
[   0.000000] x86/pu Using'lzy' FPU ontxt swches.
[   0.000000] e82 BOS-provided phsicalAMmap:
[   .00000] BIOS-e820: [mem 0x000000000000-0x00000009bf uable
[  00000 BS-e8: em 0x000000000009fc00-0x000000000009ffff] reserved
[    0.000000] BIOe8: [mm 0x00000000000f0000-0x00000000000fffff] reserved
[    0.000000] BIOS-e820: [mem 0x0000000000100000-0x000000007ffeffff] usable
[    0.000000] BIOS-e820: [mem 0x000000007fff0000-0x000000007fffffff] ACPI data
[    0.000000] BIOS-e820: [mem 0x00000000fec00000-0x00000000fec0ff]reseed
[    0.000000] BIOS-e820: [mem 0x00000000fee00000-0x00000000fee00fff] reserved
[    0.000000] BIOS82 [mem 000000ffc000x00000fffffff] reserved
[    0.000000] NX (Execut Dable) rotectonacive
[    0.000000] SMBIOS 2.5 present.
[    0.000000] Hypervisor detected: KVM
[    0.000000] e820: last_pfn = 0x7fff0 max_arch_pfn = 0x400000000
[    0.000000] MTRR: Disabled
[    0.000] 86/P: RRs disabled, skiinPA inialiaton oo
[   0.000] PU MRRal bla -irtulid yste
   0.0000] x86/PAT: Configuration [0-7]: WB  WT  UC- UC  WB  WT  UC- UC  
[    0.000000] found SMP MP-table at [mem 0x0009fff0-0x0009ffff] mapped at [ffff88000009fff0]
[    0.000000] Scanning 1 areas for low memory corruption
[    0.000000] RAMDISK: [mem 0x36204000-0x370f9fff]
[    0.000000] ACPI: Early table checksum verification disabled
[    0.000000] ACPI: RSDP 0x00000000000E0000 000024 (v02 VBOX  )
[    0.000000] ACPI: XSDT 0x000000007FFF0030 00003C (v01 VBOX   VBOXXSDT 00000001 ASL  00000061)
[    0.000000] ACPI: FACP 0x000000007FFF00F0 0000F4 (v04 VBOX   VBFFACP 00000001 ASL  00000061)
[    0.000000] ACPI: DSDT 0x000000007FFF0470 0021FF (v02 VBOX   VBOXBIOS 00000002 IL 01058)
[    0000] ACPI: FACS 0x00007FFF2000040   0.0000ACPI: FCS0x0000007FF00000040
[   00000 AI: AP 00000000FF40 005(v2 VBX VBXAPIC 0001 AL 000061)
[   00000]AC: DT 0x00007FF2A0001CCv0VBOX  OXPUT00002 INTL 20100528)
[    0.000000] No NUMA configuration found
[    0.000000] Faking a node at [mem 0x0000000000000000-0x000000007ffeffff]
[    0.000000] NODE_DATA(0) allocated [mem 0x7ffeb000-0x7ffeffff]
[    0.000000] kvm-clock: Using msrs 4b564d01ndb5640[   0000] kv-cloc: pu 0 m 07ffe301prmarcpclck   0.000]kvm-lok:usng sedffseof6071995 yces
[   0000] ocksoue:vm-coc msk: fffffffffffax_cycles: 0x1cd42e4dffb, max_idle_ns: 881590591483 ns
[    0.000000] Zone ranges:
[    0.000000]   DMA      [mem 0x0000000000001000-0x0000000000ffffff]
[    0.000000]   DMA32    [mem x00000010000-00000007fefff]
  0.00000  Nmal   pt
   0.000   Dic  empty[   0.00] Moblzonestt or eh de
[   .0000] Earlyemrynodeans
[  00000  ode  0[mm 0x00000010-0x00000000eff]   0.0000]  nde   : [m x000000100000x0000007eff]
   00000 Itmemet node 0[m 00000000100-0000000ffff]
[  00000 AI: PTir O Po: 4008
  0.0000] APC[0]ap_id 2, versin , ddres fe00000 GSI -2
[  000000] ACPI: INT_SRC_OVR (bus 0 bus_irq  gbal_ir 2 fldfl)[  0.00000 AI: INSRC_R (bus 0 bus_irq 9lol_ir 9ow level)
[    0.000000] Using ACPI (MADT) for SMPcoigrati iformaton
[   0.0000 sboot Alling 2PUs,  hotplug CPU
   0.0000] M:Regiteed nosae emor: em0x00000-x0000ff
    0.000 PM:egstred ose emor [m 0x09000-00ffff
[    000000] : gistedosve memory: [mem 0x000a0000-0x0efff
[    0.000000] PM: Registered nosave memory: [mem 0x000f0000-0x000fffff]
[    0.000000] e820: [mem 0x80000000-0xfebfffff] available for PCI devices
[    0.000000] Booting paravirtualized kernel on KVM
[    0.000000] clocksource: refined-jiffies: mask: 0xffffffff max_cycles: 0xffffffff, max_idle_ns: 7645519600211568 ns
[   0.00000] etup_percpu: NR_CPUS:512 nr_cpumask_bits:512 nr_cpu_ids:2 nr_node_ids:1
[    0.000000] PERCPU: Embedded 34 pages/cpu @ffff8007fc00000 s99544 r8192 d31528 u1048576
[  0000000] PV qspinlock hash talentries: 256 (order: 0, 4096 bte
[    0.00000] uit 1 zonelists inNode order, mbiity roping on  Total pages: 515961
[    0.000000] Polcyzon DMA32
[    0.000000] Kernel command line BOT_IMAE=oot/vinz-4.4.0-116-generic root=LABEL=cloudimg-rootfs ro console=tty1 console=tty0[   .000000] PID hash table entries: 4096(oer: 3, 3768 byte)
[    0.000000] Memory: 2029404K/2096696K available (8530K kernel code, 1309K rwdata, 3992K rodata, 1508K init, 1316K bss, 67292K reserved, 0K cma-reserved)
[    0.000000] SLUB:HWalign=64, Ordr=-3, MinObjects=0, CPUs=2, Nodes=1
[    0.000000] Kernel/User page tables isolation: enabled
[    0.000000] Hierarchical RCU implementation.
[    0.000000] 	Build-time adjustment of leaf fanout to 64.
[    0.000000] 	RCU restricting CPUs from NR_CPUS=512 to nr_cpu_ids=2.
[    0.000000] RCU: Adjusting geometry for rcu_fanout_leaf=64, nr_cpu_ids=2
[    0.000000] NR_IRQS:33024 nr_irqs:440 16
[    0.000000] Console: colour VGA+ 80x25
[    0.000000] console [tty1] enabled
[  0.000000] console [ttyS0] enabled
[   0.000000] tsc: Detected 3200.012 MHz processor
[   12.073707] Calibrating delay loop (skipped) preset value.. 6400.02 BogoMIPS (lpj=12800048)
[   12.087714] pid_max: default: 32768 minimum: 301
[   12.124568] ACPI: Core revision 20150930
[   12.147596] ACPI: 2 ACPI AML tables successfully acquired and loaded
[   12.175466] Security Framework initialized
[   12.176162] Yama: becoming mindful.
[   12.177984] AppArmor: AppArmor initialized
[   12.180727] Dentry cache hash table entries: 262144 (order: 9, 2097152 bytes)
[   12.205533] Inode-cache hash table entries: 131072 (order: 8, 1048576 bytes)
[   12.236944] Mount-cache hash table entries: 4096 (order: 3, 32768 bytes)
[   12.239061] Mountpoint-cache hash table entries: 4096 (order: 3, 32768 bytes)
[   12.240861] Initializing cgroup subsys io
[   12.243192] Initializing cgroup subsys memory
[   12.245219] Initializing cgroup subsys devices
[   12.248134] Initializing cgroup subsys freezer
[   12.249311] Initializing cgroup subsys net_cls
[   12.250271] Initializing cgroup subsys perf_event
[   12.269299] Initializing cgroup subsys net_prio
[   12.270265] Initializing cgroup subsys hugetlb
[   12.271875] Initializing cgroup subsys pids
[   12.290996] CPU: Physical Processor ID: 0
[   12.291995] CPU: Processor Core ID: 0
[   12.292813] FEATURE SPEC_CTRL Not Present
[   12.294657] mce: CPU supports 0 MCE banks
[   12.295432] Last level iTLB entries: 4KB 1024, 2MB 1024, 4MB 1024
[   12.307446] Last level dTLB entries: 4KB 1024, 2MB 1024, 4MB 1024, 1GB 4
[   12.312076] Spectre V2 mitigation: Mitigation: Full generic retpoline
[   12.314104] Spectre V2 mitigation: Speculation control IBPB not-supported IBRS not-supported
[   12.319528] Freeing SMP alternatives memory: 32K
[   12.342655] ftrace: allocating 32186 entries in 126 pages
[   12.430878] smpboot: APIC(0) Converting physical 0 to logical package 0
[   12.443866] smpboot: Max logical packages: 1
[   12.494596] x2apic enabled
[   12.520579] Switched APIC routing to physical x2apic.
[   12.523759] ..TIMER: vector=0x30 apic1=0 pin1=2 apic2=-1 pin2=-1
[   12.630431] smpboot: CPU0: Intel(R) Core(TM) i5-4460  CPU @ 3.20GHz (family: 0x6, model: 0x3c, stepping: 0x3)
[   12.670803] Performance Events: unsupported p6 CPU model 60 no PMU driver, software events only.
[   12.673472] KVM setup paravirtual spinlock
[   12.686803] x86: Booting SMP configuration:
[   12.693591] .... node  #0, CPUs:      #1
[   12.694409] kvm-clock: cpu 1, msr 0:7ffe3041, secondary cpu clock
[   12.703867] mce: CPU supports 0 MCE banks
[   12.727508] x86: Booted up 1 node, 2 CPUs
[   12.756469] smpboot: Total of 2 processors activated (12800.04 BogoMIPS)
[   12.765720] devtmpfs: initialized
[   12.780263] evm: security.selinux
[   12.790975] evm: security.SMACK64
[   12.792708] evm: security.SMACK64EXEC
[   12.796692] evm: security.SMACK64TRANSMUTE
[   12.798273] evm: security.SMACK64MMAP
[   12.804431] evm: security.ima
[   12.804992] evm: security.capability
[   12.805825] clocksource: jiffies: mask: 0xffffffff max_cycles: 0xffffffff, max_idle_ns: 7645041785100000 ns
[   12.819567] futex hash table entries: 512 (order: 3, 32768 bytes)
[   12.825369] pinctrl core: initialized pinctrl subsystem
[   12.847728] RTC time: 16:27:57, date: 03/19/18
[   12.850563] NET: Registered protocol family 16
[   12.866591] cpuidle: using governor ladder
[   12.918246] cpuidle: using governor menu
[   12.935044] PCCT header not found.
[   12.951486] ACPI: bus type PCI registered
[   12.957997] acpiphp: ACPI Hot Plug PCI Controller Driver version: 0.5
[   12.984755] PCI: Using configuration type 1 for base access
[   12.999428] ACPI: Added _OSI(Module Device)
[   13.013400] ACPI: Added _OSI(Processor Device)
[   13.027951] ACPI: Added _OSI(3.0 _SCP Extensions)
[   13.029551] ACPI: Added _OSI(Processor Aggregator Device)
[   13.035010] ACPI: Executed 1 blocks of module-level executable AML code
[   13.074376] ACPI: Interpreter enabled
[   13.076468] ACPI: (supports S0 S5)
[   13.078864] ACPI: Using IOAPIC for interrupt routing
[   13.080602] PCI: Using host bridge windows from ACPI; if necessary, use "pci=nocrs" and report a bug
[   13.102061] ACPI: PCI Root Bridge [PCI0] (domain 0000 [bus 00-ff])
[   13.115347] acpi PNP0A03:00: _OSC: OS supports [ASPM ClockPM Segments MSI]
[   13.124016] acpi PNP0A03:00: _OSC: not requesting OS control; OS requires [ExtendedConfig ASPM ClockPM MSI]
[   13.138569] acpi PNP0A03:00: fail to add MMCONFIG information, can't access extended PCI configuration space under this bridge.
[   13.155119] PCI host bridge to bus 0000:00
[   13.156122] pci_bus 0000:00: root bus resource [io  0x0000-0x0cf7 window]
[   13.168798] pci_bus 0000:00: root bus resource [io  0x0d00-0xffff window]
[   13.169984] pci_bus 0000:00: root bus resource [mem 0x000a0000-0x000bffff window]
[   13.177503] pci_bus 0000:00: root bus resource [mem 0x80000000-0xfdffffff window]
[   13.180285] pci_bus 0000:00: root bus resource [bus 00-ff]
[   13.183264] pci 0000:00:01.1: legacy IDE quirk: reg 0x10: [io  0x01f0-0x01f7]
[   13.190881] pci 0000:00:01.1: legacy IDE quirk: reg 0x14: [io  0x03f6]
[   13.191850] pci 0000:00:01.1: legacy IDE quirk: reg 0x18: [io  0x0170-0x0177]
[   13.208787] pci 0000:00:01.1: legacy IDE quirk: reg 0x1c: [io  0x0376]
[   13.261410] pci 0000:00:07.0: quirk: [io  0x4000-0x403f] claimed by PIIX4 ACPI
[   13.270325] pci 0000:00:07.0: quirk: [io  0x4100-0x410f] claimed by PIIX4 SMB
[   13.312824] ACPI: PCI Interrupt Link [LNKA] (IRQs 5 9 10 *11)
[   13.319933] ACPI: PCI Interrupt Link [LNKB] (IRQs 5 9 *10 11)
[   13.328752] ACPI: PCI Interrupt Link [LNKC] (IRQs 5 *9 10 11)
[   13.341304] ACPI: PCI Interrupt Link [LNKD] (IRQs 5 9 10 *11)
[   13.352511] ACPI: Enabled 2 GPEs in block 00 to 07
[   13.360545] vgaarb: setting as boot device: PCI:0000:00:02.0
[   13.361412] vgaarb: device added: PCI:0000:00:02.0,decodes=io+mem,owns=io+mem,locks=none
[   13.375571] vgaarb: loaded
[   13.376105] vgaarb: bridge control possible 0000:00:02.0
[   13.385074] SCSI subsystem initialized
[   13.386097] ACPI: bus type USB registered
[   13.394128] usbcore: registered new interface driver usbfs
[   13.399330] usbcore: registered new interface driver hub
[   13.406435] usbcore: registered new device driver usb
[   13.407469] PCI: Using ACPI for IRQ routing
[   13.424437] NetLabel: Initializing
[   13.425052] NetLabel:  domain hash size = 128
[   13.425765] NetLabel:  protocols = UNLABELED CIPSOv4
[   13.436497] NetLabel:  unlabeled traffic allowed by default
[   13.469310] amd_nb: Cannot enumerate AMD northbridges
[   13.475844] clocksource: Switched to clocksource kvm-clock
[   1.408] pAorAprmor Filesst Ebld
[  19377 p: PnP ACPI init
[ 141123pn PP CP fnd dic
[   14.606724] clocksource: acpi_pm: mask: 0xffffff max_cycles: 0xffffff, max_idle_ns: 2085701024 ns
[   14.703399] NET: Registered protocol family 2
[   14.704260] TCP established hash table entries: 16384 (order: 5, 131072 bytes)
[   14.838551] TCP bind hash table entries: 16384 (order: 6, 262144 bytes)
[   14.853874] TCP: Hash tables configured (established 16384 bind 16384)
[   14.871268] UDP hash table entries: 1024 (order: 3, 32768 bytes)
[   14.905561] UDP-Lite hash table entries: 1024 (order: 3, 32768 bytes)
[   14.906558] NET: Registered protocol family 1
[   14.907269] pci 0000:00:00.0: Limiting direct PCI/PCI transfers
[   14.908218] pci 0000:00:01.0: Activating ISA DMA hang workarounds
[   14.909222] Unpacking initramfs...
[   15.149161] Freeing initrd memory: 15320K
[   15.155996] RAPL PMU detected, API unit is 2^-32 Joules, 4 fixed counters 10737418240 ms ovfl timer
[   15.372572] hw unit of domain pp0-core 2^-0 Joules
[   15.408516] hw unit of domain package 2^-0 Joules
[   15.424882] hw unit of domain dram 2^-0 Joules
[   15.443544] hw unit of domain pp1-gpu 2^-0 Joules
[   15.455728] platform rtc_cmos: registered platform RTC device (no PNP device found)
[   15.469948] Scanning for low memory corruption every 60 seconds
[   15.486713] audit: initializing netlink subsys (disabled)
[   15.487569] audit: type=2000 audit(1521476875.565:1): initialized
[   15.488745] Initialise system trusted keyring
[   15.489589] HugeTLB registered 2 MB page size, pre-allocated 0 pages
[   15.495752] zbud: loaded
[   15.496602] VFS: Disk quotas dquot_6.6.0
[   15.502645] VFS: Dquot-cache hash table entries: 512 (order 0, 4096 bytes)
[   15.503934] squashfs: version 4.0 (2009/01/31) Phillip Lougher
[   15.512087] fuse init (API version 7.23)
[   15.526902] Key type big_key registered
[   15.529164] Allocating IMA MOK and blacklist keyrings.
[   15.530672] Key type asymmetric registered
[   15.532854] Asymmetric key parser 'x509' registered
[   15.535320] Block layer SCSI generic (bsg) driver version 0.4 loaded (major 249)
[   15.549948] io scheduler noop registered
[   15.553793] io scheduler deadline registered (default)
[   15.557440] io scheduler cfq registered
[   15.558257] pci_hotplug: PCI Hot Plug PCI Core version: 0.5
[   15.563147] pciehp: PCI Express Hot Plug Controller Driver version: 0.4
[   15.567174] ACPI: AC Adapter [AC] (on-line)
[   15.569193] input: Power Button as /devices/LNXSYSTM:00/LNXPWRBN:00/input/input0
[   15.570436] ACPI: Power Button [PWRF]
[   15.571136] input: Sleep Button as /devices/LNXSYSTM:00/LNXSLPBN:00/input/input1
[   15.574979] ACPI: Sleep Button [SLPF]
[   15.580373] GHES: HEST is not enabled!
[   15.582859] Serial: 8250/16550 driver, 32 ports, IRQ sharing enabled
[   15.609207] 00:02: ttyS0 at I/O 0x3f8 (irq = 4, base_baud = 115200) is a 16550A
[   15.621844] Linux agpgart interface v0.103
[   15.634509] loop: module loaded
[   15.646194] scsi host0: ata_piix
[   15.649047] scsi host1: ata_piix
[   15.655577] ata1: PATA max UDMA/33 cmd 0x1f0 ctl 0x3f6 bmdma 0xd000 irq 14
[   15.656617] ata2: PATA max UDMA/33 cmd 0x170 ctl 0x376 bmdma 0xd008 irq 15
[   15.657780] libphy: Fixed MDIO Bus: probed
[   15.659580] tun: Universal TUN/TAP device driver, 1.6
[   15.672234] tun: (C) 1999-2004 Max Krasnyansky <maxk@qualcomm.com>
[   15.719152] PPP generic driver version 2.4.2
[   15.721209] ehci_hcd: USB 2.0 'Enhanced' Host Controller (EHCI) Driver
[   15.722200] ehci-pci: EHCI PCI platform driver
[   15.729196] ehci-platform: EHCI generic platform driver
[   15.731087] ohci_hcd: USB 1.1 'Open' Host Controller (OHCI) Driver
[   15.733645] ohci-pci: OHCI PCI platform driver
[   15.737198] ohci-platform: OHCI generic platform driver
[   15.738034] uhci_hcd: USB Universal Host Controller Interface driver
[   15.747399] i8042: PNP: PS/2 Controller [PNP0303:PS2K,PNP0f03:PS2M] at 0x60,0x64 irq 1,12
[   15.758688] serio: i8042 KBD port at 0x60,0x64 irq 1
[   15.759503] serio: i8042 AUX port at 0x60,0x64 irq 12
[   15.760430] mousedev: PS/2 mouse device common for all mice
[   15.761732] input: AT Translated Set 2 keyboard as /devices/platform/i8042/serio0/input/input2
[   15.772365] rtc_cmos rtc_cmos: rtc core: registered rtc_cmos as rtc0
[   15.773372] rtc_cmos rtc_cmos: alarms up to one day, 114 bytes nvram
[   15.778833] i2c /dev entries driver
[   15.779599] device-mapper: uevent: version 1.0.3
[   15.789994] device-mapper: ioctl: 4.34.0-ioctl (2015-10-28) initialised: dm-devel@redhat.com
[   15.791530] ledtrig-cpu: registered to indicate activity on CPUs
[   15.807080] NET: Registered protocol family 10
[   15.807977] NET: Registered protocol family 17
[   15.810204] Key type dns_resolver registered
[   15.812575] microcode: CPU0 sig=0x306c3, pf=0x40, revision=0x0
[   15.821898] microcode: CPU1 sig=0x306c3, pf=0x40, revision=0x0
[   15.822884] microcode: Microcode Update Driver: v2.01 <tigran@aivazian.fsnet.co.uk>, Peter Oruba
[   15.824417] registered taskstats version 1
[   15.825120] Loading compiled-in X.509 certificates
[   15.826463] Loaded X.509 cert 'Build time autogenerated kernel key: aa84f01984fbd529c105810b59e379d349698248'
[   15.828015] zswap: loaded using pool lzo/zbud
[   15.830346] Key type trusted registered
[   15.875566] Key type encrypted registered
[   15.897525] AppArmor: AppArmor sha1 policy hashing enabled
[   15.916433] ima: No TPM chip found, activating TPM-bypass!
[   15.963944] evm: HMAC attrs: 0x1
[   15.982257]   Magic number: 10:33:490
[   16.007114] rtc_cmos rtc_cmos: setting system clock to 2018-03-19 16:28:01 UTC (1521476881)
[   16.039349] BIOS EDD facility v0.16 2004-Jun-25, 0 devices found
[   16.042956] EDD information not available.
[   16.045408] Freeing unused kernel memory: 1508K
[   16.049823] Write protecting the kernel read-only data: 14336k
[   16.073012] Freeing unused kernel memory: 1700K
[   16.074071] Freeing unused kernel memory: 104K
Loading, please wait...
starting version[   16.089329] random: systemd-udevd: uninitialized urandom read (16 bytes read, 3 bits of entropy available)
 229
[   16.089899] random: udevadm: uninitialized urandom read (16 bytes read, 3 bits of entropy available)
[   16.089922] random: udevadm: uninitialized urandom read (16 bytes read, 3 bits of entropy available)
[   16.097727] random: systemd-udevd: uninitialized urandom read (16 bytes read, 3 bits of entropy available)
[   16.099984] random: udevadm: uninitialized urandom read (16 bytes read, 3 bits of entropy available)
[   16.100041] random: udevadm: uninitialized urandom read (16 bytes read, 3 bits of entropy available)
[   16.100318] random: udevadm: uninitialized urandom read (16 bytes read, 3 bits of entropy available)
[   16.100460] random: udevadm: uninitialized urandom read (16 bytes read, 3 bits of entropy available)
[   16.100523] random: udevadm: uninitialized urandom read (16 bytes read, 3 bits of entropy available)
[   16.100582] random: udevadm: uninitialized urandom read (16 bytes read, 3 bits of entropy available)
[   16.180627] e1000: Intel(R) PRO/1000 Network Driver - version 7.3.21-k8-NAPI
[   16.197686] e1000: Copyright (c) 1999-2006 Intel Corporation.
[   16.209809] Fusion MPT base driver 3.04.20
[   16.225342] Copyright (c) 1999-2008 LSI Corporation
[   16.232584] Fusion MPT SPI Host driver 3.04.20
[   16.272960] AVX2 version of gcm_enc/dec engaged.
[   16.280360] AES CTR mode by8 optimization enabled
[   16.453883] tsc: Refined TSC clocksource calibration: 3199.541 MHz
[   16.459110] clocksource: tsc: mask: 0xffffffffffffffff max_cycles: 0x2e1e988c65c, max_idle_ns: 440795290622 ns
[   16.519431] input: ImExPS/2 Generic Explorer Mouse as /devices/platform/i8042/serio1/input/input4
[   16.728266] e1000 0000:00:03.0 eth0: (PCI:33MHz:32-bit) 02:2c:d4:57:a0:4b
[   16.741058] e1000 0000:00:03.0 eth0: Intel(R) PRO/1000 Network Connection
[   16.852786] mptbase: ioc0: Initiating bringup
[   16.853185] e1000 0000:00:03.0 enp0s3: renamed from eth0
[   16.992134] ioc0: LSI53C1030 A0: Capabilities={Initiator}
[   17.198586] scsi host2: ioc0: LSI53C1030 A0, FwRev=00000000h, Ports=1, MaxQ=256, IRQ=20
[   17.464721] scsi 2:0:0:0: Direct-Access     VBOX     HARDDISK         1.0  PQ: 0 ANSI: 5
[   17.541714] scsi target2:0:0: Beginning Domain Validation
[   17.678411] scsi target2:0:0: Domain Validation skipping write tests
[   17.679346] scsi target2:0:0: Ending Domain Validation
[   17.680270] scsi target2:0:0: asynchronous
[   17.708651] scsi 2:0:1:0: Direct-Access     VBOX     HARDDISK         1.0  PQ: 0 ANSI: 5
[   17.802156] scsi target2:0:1: Beginning Domain Validation
[   17.870737] scsi target2:0:1: Domain Validation skipping write tests
[   19.065985] scsi target2:0:1: Ending Domain Validation
[   19.079124] scsi target2:0:1: asynchronous
[   19.130748] sd 2:0:0:0: Attached scsi generic sg0 type 0
[   19.148527] sd 2:0:0:0: [sda] 20971520 512-byte logical blocks: (10.7 GB/10.0 GiB)
[   19.152827] sd 2:0:1:0: [sdb] 20480 512-byte logical blocks: (10.5 MB/10.0 MiB)
[   19.169044] sd 2:0:1:0: Attached scsi generic sg1 type 0
[   19.169096] sd 2:0:0:0: [sda] Write Protect is off
[   19.172207] sd 2:0:0:0: [sda] Incomplete mode parameter data
[   19.172209] sd 2:0:0:0: [sda] Assuming drive cache: write through
[   19.173028] sd 2:0:1:0: [sdb] Write Protect is off
[   19.209647] sd 2:0:1:0: [sdb] Incomplete mode parameter data
[   19.210544] sd 2:0:1:0: [sdb] Assuming drive cache: write through
[   19.211937] floppy0: no floppy controllers found
[   19.212781] work still pending
[   19.279757]  sda: sda1
[   19.341784] sd 2:0:0:0: [sda] Attached SCSI disk
[   19.355787] sd 2:0:1:0: [sdb] Attached SCSI disk
Begin: Loading e[   21.031060] md: linear personality registered for level -1
ssential drivers ... [   21.070150] md: multipath personality registered for level -4
[   21.148627] md: raid0 personality registered for level 0
[   21.171328] md: raid1 personality registered for level 1
[   21.244160] raid6: sse2x1   gen()  9876 MB/s
[   21.320237] raid6: sse2x1   xor()  7536 MB/s
[   21.399909] raid6: sse2x2   gen() 11783 MB/s
[   21.483926] raid6: sse2x2   xor()  8251 MB/s
[   21.600056] raid6: sse2x4   gen() 13535 MB/s
[   21.732166] raid6: sse2x4   xor() 10016 MB/s
[   21.875863] raid6: avx2x1   gen() 18710 MB/s
[   21.971870] raid6: avx2x2   gen() 21332 MB/s
[   22.075977] raid6: avx2x4   gen() 24702 MB/s
[   22.087092] raid6: using algorithm avx2x4 gen() 24702 MB/s
[   22.112803] raid6: using avx2x2 recovery algorithm
[   22.182126] xor: automatically using best checksumming function:
[   22.296185]    avx       : 18770.000 MB/sec
[   22.383390] async_tx: api initialized (async)
[   22.472247] md: raid6 personality registered for level 6
[   22.540300] md: raid5 personality registered for level 5
[   22.580337] md: raid4 personality registered for level 4
[   22.643748] md: raid10 personality registered for level 10
done.
Begin: Running /scripts/init-premount ... done.
Begin: Mounting root file system ... Begin: Running /scripts/local-top ... do[   22.740793] Btrfs loaded
ne.
Begin: Running /scripts/local-premount ... Scanning for Btrfs filesystems
done.
Warning: fsck no[   22.986629] EXT4-fs (sda1): INFO: recovery required on readonly filesystem
t present, so skipping root file system
[   22.988598] EXT4-fs (sda1): write access will be enabled during recovery
[   23.203948] EXT4-fs (sda1): recovery complete
[   23.288021] EXT4-fs (sda1): mounted filesystem with ordered data mode. Opts: (null)
done.
Begin: Running /scripts/local-bottom ... done.
Begin: Running /scripts/init-bottom ... done.
[   23.549167] random: nonblocking pool is initialized
[   25.489341] systemd[1]: systemd 229 running in system mode. (+PAM +AUDIT +SELINUX +IMA +APPARMOR +SMACK +SYSVINIT +UTMP +LIBCRYPTSETUP +GCRYPT +GNUTLS +ACL +XZ -LZ4 +SECCOMP +BLKID +ELFUTILS +KMOD -IDN)
[   25.809480] systemd[1]: Detected virtualization oracle.
[   25.828595] systemd[1]: Detected architecture x86-64.

Welcome to [1mUbuntu 16.04.4 LTS[0m!

[   25.939346] systemd[1]: Set hostname to <ubuntu-xenial>.
[ 27408]systemd[1]: [/etc/systemd/system/puma.service:6] Failed to parse service type, ignoring: Simple
[   27.788623] systemd[1]: Listening on /dev/initctl Compatibility Named Pipe.
[[0;32m  OK  [0m] Listening on /dev/initctl Compatibility Named Pipe.
[   2794603 stemd[1]: Listening on Journal Audit Socket.

[[0;32m  OK  [0m] Listening on Journal Audit Socket.
[   28.097964] systemd[1]: Listening on udev Control Socket.
[[0;32m  OK  [0m] Listening on udev Control Socket.
[   28.100560] systemd[1]: Listening on Device-mapper event daemon FIFOs.
[[0;32m  OK  [0m] Listening on Device-mapper event daemon FIFOs.
[   28.104395] systemd[1]: Reached target Swap.
[[0;32m  OK  [0m] Reached target Swap.
[   28.106560] systemd[1]: Started Forward Password Requests to Wall Directory Watch.
[[0;32m  OK  [0m] Started Forward Password Requests to Wall Directory Watch.
[   28.118079] systemd[1]: Listening on LVM2 poll daemon socket.
[[0;32m  OK  [0m] Listening on LVM2 poll daemon socket.
[   28.121044] systemd[1]: Listening on Syslog Socket.
[[0;32m  OK  [0m] Listening on Syslog Socket.
[   28.123519] systemd[1]: Listening on LVM2 metadata daemon socket.
[[0;32m  OK  [0m] Listening on LVM2 metadata daemon socket.
[   28.180964] systemd[1]: Reached target Encrypted Volumes.
[[0;32m  OK  [0m] Reached target Encrypted Volumes.
[   28183022 sstem1]Stte Trigger resolvconf update for networkd DNS.
[[0;32m  OK  [0m] Started Trigger resolvconf update for networkd DNS.
[   28.468326] systemd[1]: Listening on udev Kernel Socket.
[[0;32m  OK  [0m] Listening on udev Kernel Socket.
[ 28888]ysemd[1]: Created slice System Slice.
[[0;32m  OK  [0m] Created slice System Slice.
[   28.719556] systemd[1]: Created slice system-serial\x2dgetty.slice.
[[0;32m  OK  [0m] Created slice system-serial\x2dgetty.slice.
[   28.730200] systemd[1]: Created slice User and Session Slice.
[[0;32m  OK  [0m] Created slice User and Session Slice.
[   28.734797] systemd[1]: Set up automount Arbitrary Executable File Formats File System Automount Point.
[[0;32m  OK  [0m] Set up automount Arbitrary Executab...ats File System Automount Point.
[   28.739162] systemd[1]: Reached target User and Group Name Lookups.
[[0;32m  OK  [0m] Reached target User and Group Name Lookups.
[   28.741961] systemd[1]: Reached target Slices.
[[0;32m  OK  [0m] Reached target Slices.
[   28.744461] systemd[1]: Listening on Journal Socket.
[[0;32m  OK  [0m] Listening on Journal Socket.
[   28.762583] systemd[1]: Mounting Debug File System...
         Mounting Debug File System...
[   28.779316] systemd[1]: Starting Uncomplicated firewall...
         Starting Uncomplicated firewall...
[   28.790093] systemd[1]: Starting Monitoring of LVM2 mirrors, snapshots etc. using dmeventd or progress polling...
         Starting Monitoring of LVM2 mirrors... dmeventd or progress polling...
[   28.817016] systemd[1]: Starting Remount Root and Kernel File Systems...
         Starting Remount Root and Kernel File Systems...
[   28.900038] systemd[1]: Starting Set console keymap...
         Starting Set console keymap...
[   29.274993] systemd[1]: Starting Load Kernel Modules...
         Starting Load Kernel Modules...
[   29.384112] systemd[1]: Mounting Huge Pages File System...
         Mounting Huge Pages File System...
[   29.390534] systemd[1]: Starting Create list of required static device nodes for the current kernel...
         Starting Create list of required st... nodes for the current kernel...
[   29.424297] EXT4-fs (sda1): re-mounted. Opts: (null)
[   29.424775] systemd[1]: Mounting POSIX Message Queue File System...
         Mounting POSIX Message Queue File System...
[   29.464167] systemd[1]: Created slice system-postgresql.slice.
[[0;32m  OK  [0m] Created slice system-postgresql.slice.
[   29.484259] systemd[1]: Listening on Journal Socket (/dev/log).
[[0;32m  OK  [0m] Listening on Journal Socket (/dev/log).
[   29.500030] systemd[1]: Starting Journal Service...
         Starting Journal Service...
[   29.512088] systemd[1]: Starting Nameserver information manager...
         Starting Nameserver information manager...
[   29.519117] systemd[1]: Mounted Debug File System.
[[0;32m  OK  [0m] Mounted Debug File System.
[   29.526361] systemd[1]: Mounted Huge Pages File System.
[[0;32m  OK  [0m] Mounted Huge Pages File System.
[   29.604447] systemd[1]: Mounted POSIX Message Queue File System.
[[0;32m  OK  [0m] Mounted POSIX Message Queue File System.
[   29.681632] systemd[1]: Started Uncomplicated firewall.
[[0;32m  OK  [0m] Started Uncomplicated firewall.
[   29.745158] systemd[1]: Started Remount Root and Kernel File Systems.
[[0;32m  OK  [[   29.777222] Loading iSCSI transport class v2.0-870.
0m] Started Remount Root and Kernel File Systems.
[   29.812716] systemd[1]: Started Create list of required static device nodes for the current kernel.
[[0;32m  OK  [0m] Started Create list of required sta...ce nod[   29.944425] iscsi: registered transport (tcp)
es for the current kernel.
[   29.973127] systemd[1]: Started Set console keymap.
[[0;32m  OK  [0m] Started Set console keymap.
[   30.009937] systemd[1]: Started Journal Service.
[[0;32m  OK  [0m] Started Journal Service.
[[0;32m  OK  [0m] Started Nameserver information manager.
[[0;32m  OK  [0m] Started LVM2 metadata daemon.
         Starting Create Static Device Nodes in /dev...
         Starting Initial cloud-init job (pre-networking)...
         Starting Load/Save Random Seed...
         Starting Flush Journal to Persistent Storage...
         Startin[   30.347071] iscsi: registered transport (iser)
g udev Coldplug all Devices...
[[0;32m  OK  [0m] Started Load Kernel Modules.
[[0;32m  OK  [0m] Started Load/Save Random Seed.
[   30.552239] systemd-journald[410]: Received request to flush runtime journal from PID 1
         Mounting FUSE Control File System...
         Starting Apply Kernel Variables...
[[0;32m  OK  [0m] Mounted FUSE Control File System.
[[0;32m  OK  [0m] Started Flush Journal to Persistent Storage.
[[0;32m  OK  [0m] Started udev Coldplug all Devices.
[[0;32m  OK  [0m] Started Create Static Device Nodes in /dev.
[[0;32m  OK  [0m] Started Monitoring of LVM2 mirrors,...ng dmeventd or progress polling.
[[0;32m  OK  [0m] Started Apply Kernel Variables.
         Starting udev Kernel Device Manager...
[[0;32m  OK  [0m] Started udev Kernel Device Manager.
[[0;32m  OK  [0m] Started Dispatch Password Requests to Console Directory Watch.
[[0;32m  OK  [0m] Reached target Local File Systems (Pre).
[[0;32m  OK  [0m] Reached target Local File Systems.
         Starting Set console font and keymap...
         Starting Create Volatile Files and Directories...
         Starting LSB: AppArmor initialization...
         Starting Tell Plymouth To Write Out Runtime Data...
[[0;32m  OK  [0m] Started Create Volatile Files and Directories.
[[0;32m  OK  [0m] Reached target System Time Synchronized.
         Starting Update UTMP about System Boot/Shutdown...
[[0;32m  OK  [0m] Found device /dev/ttyS0.
[[0;32m  OK  [0m] Started Tell Plymouth To Write Out Runtime Data.
[[0;32m  OK  [0m] Started Update UTMP about System Boot/Shutdown.
[[0;32m  OK  [0m] Found device 82540EM Gigabit Ethern...r (PRO/1000 MT Desktop Adapter).
[[0;32m  OK  [0m] Started Set console font and keymap.
[[0;32m  OK  [0m] Created slice system-getty.slice.
[[0;32m  OK  [0m] Listening on Load/Save RF Kill Switch Status /dev/rfkill Watch.
[[0;32m  OK  [0m] Started LSB: AppArmor initialization.
[   25.388348] cloud-init[438]: Cloud-init v. 17.2 running 'init-local' at Mon, 19 Mar 2018 16:28:23 +0000. Up 24.61 seconds.
[[0;32m  OK  [0m] Started Initial cloud-init job (pre-networking).
[[0;32m  OK  [0m] Reached target Network (Pre).
         Starting Raise network interfaces...
[[0;32m  OK  [0m] Started ifup for enp0s3.
[[0;32m  OK  [0m] Started Raise network interfaces.
[[0;32m  OK  [0m] Reached target Network.
         Starting Initial cloud-init job (metadata service crawler)...
[   27.283062] cloud-init[984]: Cloud-init v. 17.2 running 'init' at Mon, 19 Mar 2018 16:28:24 +0000. Up 26.45 seconds.
[   27.348378] cloud-init[984]: ci-info: +++++++++++++++++++++++++++++++++++++Net device info++++++++++++++++++++++++++++++++++++++
[[0;32m  OK  [0m] Started Initial cloud-init job (metadata service crawler).
[[   27.446205] cloud-init[984]: ci-info: +--------+------+----------------------------+---------------+-------+-------------------+
[   27.486536] cloud-init[984]: ci-info: | Device |  Up  |          Address           |      Mask     | Scope |     Hw-Address    |
[0;32m  OK  [0m] Reached target Cloud-config availability.
[[   27.486647] cloud-init[984]: ci-info: +--------+------+----------------------------+---------------+-------+-------------------+
[   27.705934] cloud-init[984]: ci-info: | enp0s3 | True |         10.0.2.15          | 255.255.255.0 |   .   | 02:2c:d4:57:a0:4b |
[0;32m  OK  [0m] Reached target Network is Online.
[   27.706080] cloud-init[984]: ci-info: | enp0s3 | True | fe80::2c:d4ff:fe57:a04b/64 |       .       |  link | 02:2c:d4:57:a0:4b |
[   27.827982] cloud-init[984]: ci-info: |   lo   | True |         127.0.0.1          |   255.0.0.0   |   .   |         .         |
[   27.829839] cloud-init[984]: ci-info: |   lo   | True |          ::1/128           |       .       |  host |         .         |
[   27.869881] cloud-init[984]: ci-info: +--------+------+----------------------------+---------------+-------+-------------------+
         [   27.906824] Starting iSCSI initiator daemon (iscsid)...cloud-init
[984]: ci-info: +++++++++++++++++++++++++++Route IPv4 info++++++++++++++++++++++++++++
[   27.932836] cloud-init[984]: ci-info: +-------+-------------+----------+---------------+-----------+-------+
[   27.933086] cloud-init[984]: ci-info: | Route | Destination | Gateway  |    Genmask    | Interface | Flags |
[[0;32m  OK  [0m] Reached target System Initialization.
[[   27.933216] cloud-init[984]: ci-info: +-------+-------------+----------+---------------+-----------+-------+
[   28.003988] cloud-init[984]: ci-info: |   0   |   0.0.0.0   | 10.0.2.2 |    0.0.0.0    |   enp0s3  |   UG  |
[0;32m  OK  [0m] Listening on D-Bus System Message Bus Socket.
         Starting LXD - unix socket.
         Starting Socket activation for snappy daemon.
[   28.004107] cloud-init[984]: ci-info: |   1   |   10.0.2.0  | 0.0.0.0  | 255.255.255.0 |   enp0s3  |   U   |
[   28.312755] cloud-init[984]: ci-info: +-------+-------------+----------+---------------+-----------+-------+
[[0;32m  OK  [0m] Started Timer to automatically refresh installed snaps.
[[0;32m  OK  [0m] Started Daily Cleanup of Temporary Directories.
[[0;32m  OK  [0m] Started ACPI Events Check.
[[0;32m  OK  [0m] Reached target Paths.
[[0;32m  OK  [0m] Listening on ACPID Listen Socket.
[[0;32m  OK  [0m] Listening on UUID daemon activation socket.
[[0;32m  OK  [0m] Started Daily apt download activities.
[[0;32m  OK  [0m] Started Daily apt upgrade and clean activities.
[[0;32m  OK  [0m] Reached target Timers.
[[0;32m  OK  [0m] Listening on LXD - unix socket.
[[0;32m  OK  [0m] Listening on Socket activation for snappy daemon.
[[0;32m  OK  [0m] Started iSCSI initiator daemon (iscsid).
         Starting Login to default iSCSI targets...
[[0;32m  OK  [0m] Reached target Sockets.
[[0;32m  OK  [0m] Reached target Basic System.
[[0;32m  OK  [0m] Started Unattended Upgrades Shutdown.
         Starting PostgreSQL Cluster 9.5-main...
         Starting Login Service...
         Starting /etc/rc.local Compatibility...
[[0;32m  OK  [0m] Started D-Bus System Message Bus.
[[0;32m  OK  [0m] Started Puma HTTP Server.
[[0;32m  OK  [0m] Started Regular background program processing daemon.
         Starting Apply the settings specified in cloud-config...
[[0;32m  OK  [0m] Started ACPI event daemon.
         Starting LSB: Record successful boot for GRUB...
[[0;32m  OK  [0m] Started FUSE filesystem for LXC.
         Starting System Logging Service...
         Starting Accounts Service...
[[0;32m  OK  [0m] Started Deferred execution scheduler.
         Starting Pollinate to seed the pseudo random number generator...
         Starting Snappy daemon...
         Starting LSB: MD monitoring daemon...
         Starting LXD - container startup/shutdown...
[[0;32m  OK  [0m] Started /etc/rc.local Compatibility.
[[0;32m  OK  [0m] Started Login Service.
[   31.723682] cloud-init[1058]: Cloud-init v. 17.2 running 'modules:config' at Mon, 19 Mar 2018 16:28:29 +0000. Up 31.07 seconds.
[[0;32m  OK  [0m] Started Apply the settings specified in cloud-config.
[[0;32m  OK  [0m] Started LSB: Record successful boot for GRUB.
[[0;32m  OK  [0m] Started System Logging Service.
[[0;32m  OK  [0m] Started LSB: MD monitoring daemon.
[[0;32m  OK  [0m] Started Login to default iSCSI targets.
[[0;32m  OK  [0m] Reached target Remote File Systems (Pre).
[[0;32m  OK  [0m] Reached target Remote File Systems.
         Starting LSB: automatic crash report generation...
         Starting Permit User Sessions...
         Starting LSB: VirtualBox Linux Additions...
         Starting LSB: daemon to balance interrupts for SMP systems...
         Starting LSB: Start/stop sysstat's sadc...
         Starting LSB: Set the CPU Frequency Scaling governor to "ondemand"...
[[0;32m  OK  [0m] Started Permit User Sessions.
         Starting Terminate Plymouth Boot Screen...
         Starting Hold until boot process finishes up...
[[0;32m  OK  [0m] Started LSB: Set the CPU Frequency Scaling governor to "ondemand".
[[0;32m  OK  [0m] Started Terminate Plymouth Boot Screen.
[[0;32m  OK  [0m] Started Hold until boot process finishes up.
         Starting Set console scheme...
[[0;32m  OK  [0m] Started Serial Getty on ttyS0.
[[0;32m  OK  [0m] Started Getty on tty1.
[[0;32m  OK  [0m] Reached target Login Prompts.
[[0;32m  OK  [0m] Started LSB: Start/stop sysstat's sadc.
[[0;32m  OK  [0m] Started Set console scheme.
[[0;32m  OK  [0m] Started LSB: daemon to balance interrupts for SMP systems.
[[0;32m  OK  [0m] Started LSB: automatic crash report generation.
         Starting Authenticate and Authorize Users to Run Privileged Tasks...
[[0;32m  OK  [0m] Started LSB: VirtualBox Linux Additions.
[[0;32m  OK  [0m] Started Authenticate and Authorize Users to Run Privileged Tasks.
[[0;32m  OK  [0m] Started Accounts Service.

Ubuntu 16.04.4 LTS ubuntu-xenial ttyS0

ubuntu-xenial login: [   49.744585] cloud-init[1410]: Cloud-init v. 17.2 running 'modules:final' at Mon, 19 Mar 2018 16:28:47 +0000. Up 49.50 seconds.
[   49.745017] cloud-init[1410]: Cloud-init v. 17.2 finished at Mon, 19 Mar 2018 16:28:48 +0000. Datasource DataSourceNoCloud [seed=/dev/sdb][dsmode=net].  Up 49.73 seconds
